<?xml version="1.0" encoding="UTF-8"?>
<!-- Generated by org.testng.reporters.JUnitXMLReporter -->
<testsuite ignored="6" hostname="Japinder" failures="3" tests="11" name="Test" time="0.229" errors="0" timestamp="2022-07-13T14:23:19 GMT-04:00">
  <testcase classname="test.Launch" name="f" time="0.007"/>
  <testcase classname="test.LandingValidations" name="validateTitle" time="0.056"/>
  <testcase classname="test.LandingValidations" name="validateUrl" time="0.017"/>
  <testcase classname="test.ValidateLogin" name="ValidSignIn" time="0.004">
    <failure type="java.lang.NullPointerException">
      <![CDATA[java.lang.NullPointerException
at java.base/java.util.Objects.requireNonNull(Objects.java:208)
at org.openqa.selenium.interactions.Actions.<init>(Actions.java:65)
at pom.LoginAction.SignIn(LoginAction.java:44)
at test.ValidateLogin.ValidSignIn(ValidateLogin.java:24)
at java.base/java.util.ArrayList.forEach(ArrayList.java:1511)
... Removed 27 stack frames]]>
    </failure>
  </testcase> <!-- ValidSignIn -->
  <testcase classname="test.Launch" name="f" time="0.002"/>
  <testcase classname="test.ValidateLogin" name="validLogin" time="0.0">
    <skipped/>
  </testcase> <!-- validLogin -->
  <testcase classname="test.ValidateAcctnsAndLists" name="ValidateAccountsAndLists" time="0.002">
    <failure type="java.lang.NullPointerException" message="Cannot invoke &amp;quot;org.openqa.selenium.SearchContext.findElement(org.openqa.selenium.By)&amp;quot; because &amp;quot;this.searchContext&amp;quot; is null">
      <![CDATA[java.lang.NullPointerException: Cannot invoke "org.openqa.selenium.SearchContext.findElement(org.openqa.selenium.By)" because "this.searchContext" is null
at org.openqa.selenium.support.pagefactory.DefaultElementLocator.findElement(DefaultElementLocator.java:69)
at org.openqa.selenium.support.pagefactory.internal.LocatingElementHandler.invoke(LocatingElementHandler.java:38)
at jdk.proxy2/jdk.proxy2.$Proxy15.isDisplayed(Unknown Source)
at test.ValidateAcctnsAndLists.ValidateAccountsAndLists(ValidateAcctnsAndLists.java:23)
at java.base/java.util.ArrayList.forEach(ArrayList.java:1511)
... Removed 27 stack frames]]>
    </failure>
  </testcase> <!-- ValidateAccountsAndLists -->
  <testcase classname="test.ValidateAcctnsAndLists" name="ValidationCreateWishList" time="0.0">
    <skipped/>
  </testcase> <!-- ValidationCreateWishList -->
  <testcase classname="test.Launch" name="f" time="0.001"/>
  <testcase classname="test.Launch" name="f" time="0.002"/>
  <testcase classname="test.NewReleaseValidation" name="ValidateNewReleases" time="0.001">
    <failure type="java.lang.NullPointerException" message="Cannot invoke &amp;quot;org.openqa.selenium.SearchContext.findElement(org.openqa.selenium.By)&amp;quot; because &amp;quot;this.searchContext&amp;quot; is null">
      <![CDATA[java.lang.NullPointerException: Cannot invoke "org.openqa.selenium.SearchContext.findElement(org.openqa.selenium.By)" because "this.searchContext" is null
at org.openqa.selenium.support.pagefactory.DefaultElementLocator.findElement(DefaultElementLocator.java:69)
at org.openqa.selenium.support.pagefactory.internal.LocatingElementHandler.invoke(LocatingElementHandler.java:38)
at jdk.proxy2/jdk.proxy2.$Proxy15.isDisplayed(Unknown Source)
at test.NewReleaseValidation.ValidateNewReleases(NewReleaseValidation.java:25)
at java.base/java.util.ArrayList.forEach(ArrayList.java:1511)
... Removed 27 stack frames]]>
    </failure>
  </testcase> <!-- ValidateNewReleases -->
  <testcase classname="test.Launch" name="@BeforeSuite beforeSuite" time="0.0">
    <ignored/>
  </testcase> <!-- @BeforeSuite beforeSuite -->
  <testcase classname="test.Launch" name="@AfterSuite afterSuite" time="0.0">
    <ignored/>
  </testcase> <!-- @AfterSuite afterSuite -->
  <testcase classname="test.Launch" name="@BeforeSuite beforeSuite" time="0.0">
    <ignored/>
  </testcase> <!-- @BeforeSuite beforeSuite -->
  <testcase classname="test.Launch" name="@AfterSuite afterSuite" time="0.0">
    <ignored/>
  </testcase> <!-- @AfterSuite afterSuite -->
  <testcase classname="test.Launch" name="@AfterSuite afterSuite" time="0.0">
    <ignored/>
  </testcase> <!-- @AfterSuite afterSuite -->
  <testcase classname="test.Launch" name="@BeforeSuite beforeSuite" time="0.0">
    <ignored/>
  </testcase> <!-- @BeforeSuite beforeSuite -->
</testsuite> <!-- Test -->
